<?xml version="1.0" encoding="UTF-8"?>
<testng-results ignored="0" total="1" passed="1" failed="0" skipped="0">
  <reporter-output>
  </reporter-output>
  <suite started-at="2023-03-03T18:28:15 CST" name="Default suite" finished-at="2023-03-03T18:28:25 CST" duration-ms="10229">
    <groups>
      <group name="cucumber">
        <method signature="AbstractTestNGCucumberTests.feature(cucumber.api.testng.CucumberFeatureWrapper)[pri:0, instance:CartRunner.Runner1@cb0755b]" name="feature" class="cucumber.api.testng.AbstractTestNGCucumberTests"/>
      </group> <!-- cucumber -->
    </groups>
    <test started-at="2023-03-03T18:28:15 CST" name="Default test" finished-at="2023-03-03T18:28:25 CST" duration-ms="10229">
      <class name="CartRunner.Runner1">
        <test-method is-config="true" signature="setUpClass()[pri:0, instance:CartRunner.Runner1@cb0755b]" started-at="2023-03-03T18:28:15 CST" name="setUpClass" finished-at="2023-03-03T18:28:15 CST" duration-ms="244" status="PASS">
          <reporter-output>
          </reporter-output>
        </test-method> <!-- setUpClass -->
        <test-method signature="feature(cucumber.api.testng.CucumberFeatureWrapper)[pri:0, instance:CartRunner.Runner1@cb0755b]" started-at="2023-03-03T18:28:15 CST" name="feature" description="Runs Cucumber Feature" data-provider="features" finished-at="2023-03-03T18:28:25 CST" duration-ms="9782" status="PASS">
          <params>
            <param index="0">
              <value>
                <![CDATA[This is Cart1 practice]]>
              </value>
            </param>
          </params>
          <reporter-output>
          </reporter-output>
        </test-method> <!-- feature -->
        <test-method is-config="true" signature="tearDownClass()[pri:0, instance:CartRunner.Runner1@cb0755b]" started-at="2023-03-03T18:28:25 CST" name="tearDownClass" finished-at="2023-03-03T18:28:25 CST" duration-ms="45" status="PASS">
          <reporter-output>
          </reporter-output>
        </test-method> <!-- tearDownClass -->
      </class> <!-- CartRunner.Runner1 -->
    </test> <!-- Default test -->
  </suite> <!-- Default suite -->
</testng-results>
